*************************************************************************
*****        G A M M A   S P E C T R U M    A N A L Y S I S         *****
*************************************************************************


Filename: E:\Diplomka\1Au104p5.CNF                                     

Report Generated On             : 15.4.2016   9:11:42   

Sample Title                    : 3Au103p5                               
Sample Description              : p(35)-Be,  Ip=var               
Sample Identification           : 3Au103p5        
Sample Type                     :                 
Sample Geometry                 : p5              

Peak Locate Threshold           :  3.00
Peak Locate Range (in channels) :     1 - 16384
Peak Area Range (in channels)   :     1 - 16384
Identification Energy Tolerance :    1.000 keV

Sample Size                     :  1.673E-001 gram    

Sample Taken On                 : 23.9.2015  19:00:00   
Acquisition Started             : 28.1.2016   7:27:43   

Live Time                       :      496.7 seconds
Real Time                       :      503.2 seconds

Dead Time                       :   1.29 %


              Energy Calibration Used Done On       : 30.5.2015 
              Efficiency Calibration Used Done On   : 22.5.2014 
              Efficiency ID                         : CAN p5 + Al            

Peak Analysis Report                    15.4.2016   9:11:43             Page **


*******************************************************************************
*****  S T A N D A R D   V M S   P E A K   A N A L Y S I S   R E P O R T  *****
*******************************************************************************

        Configuration Title:                                         
        Spectrum Title:              3Au103p5                 
        Peak Analysis Performed on:  15.4.16   9:11:43   
        Peak Analysis From Channel:      1    To Channel:     8192
        Peak Search Sensitivity:      3.00    Gaussian Sensitivity: 10.00
        Max Iterations: 10  Fit Singlets: No  Critical Level Test: Yes
        Use Fixed FWHM: No  FWHM Reject:  No  FWHM Reject Ratio:  0.00 
        Peak Fit Engine Name: PANOLIN1        Continuum Type: STEP   

   Pk IT  Energy      Area   Bkgnd  FWHM Channel  Left  PW  Cts/Sec  %err   Fit

 M  1  5     8.70     2025    1819  1.06   16.99    14   9 4.1E+000   2.8   2.5
 m  2  5    10.44     2936    2165  1.07   19.93    14   9 5.9E+000   2.3   2.5
 M  3  7    65.06    13573    3844  1.09  111.89   108  33 2.7E+001   1.0  22.6
 m  4  7    66.84    32085    3439  1.09  114.89   108  33 6.5E+001   0.6  22.6
 m  5  7    68.77    29677    2971  1.10  118.13   108  33 6.0E+001   0.7  22.6
 m  6  7    70.78      919    3183  1.10  121.52   108  33 1.8E+000   5.0  22.6
 m  7  7    72.85      689    2671  1.10  124.99   108  33 1.4E+000   6.3  22.6
 m  8  7    75.55     6802    2982  1.11  129.54   108  33 1.4E+001   1.3  22.6
 m  9  7    77.83    11545    2765  1.11  133.38   108  33 2.3E+001   1.0  22.6
 m 10  7    80.19     2738    2610  1.12  137.36   108  33 5.5E+000   2.4  22.6
   11  0    84.94      502    2212  1.20  145.36   143   6 1.0E+000  13.3   0.0
   12  0    98.98      283    2727  0.98  169.00   165   8 5.7E-001  26.8   0.0
   13  0   137.71      733    2706  1.03  234.19   230   8 1.5E+000  10.7   0.0
   14  0   147.86    17875    2798  1.17  251.30   247   8 3.6E+001   0.9   0.0
   15  0   168.30     2157    2666  1.13  285.71   283   7 4.3E+000   3.9   0.0
   16  0   188.29    12611    3987  1.21  319.36   312  12 2.5E+001   1.2   0.0
 M 17  6   214.72      179    1593  1.17  363.86   360  11 3.6E-001  17.9   1.4
 m 18  6   216.56      272    1572  1.17  366.96   360  11 5.5E-001  13.0   1.4
   19  0   263.72      289    1146  1.25  446.35   442   9 5.8E-001  18.1   0.0
   20  0   285.45     1082     730  1.28  482.93   479   9 2.2E+000   4.7   0.0
   21  0   316.14      695     448  1.23  534.60   530   9 1.4E+000   5.8   0.0
 M 22  5   333.07     5961     568  1.16  563.11   559  14 1.2E+001   1.3  19.0
 m 23  5   336.04      201     289  1.17  568.11   559  14 4.0E-001   9.5  19.0
   24  0   346.40      186     344  1.23  585.56   581   9 3.7E-001  16.4   0.0
 M 25  4   351.93       84     302  1.25  594.86   592  14 1.7E-001  18.8   1.4
 m 26  4   355.76    22650     241  1.25  601.32   592  14 4.6E+001   0.7   1.4
 M 27  6   398.02       78     167  1.32  672.45   669  12 1.6E-001  17.3   1.7
 m 28  6   399.99      118     190  1.32  675.78   669  12 2.4E-001  13.1   1.7
   29  0   411.87    26700     231  1.32  695.78   691  10 5.4E+001   0.6   0.0
 M 30  3   420.88      216     176  1.31  710.94   706  19 4.3E-001   9.1   1.3
 m 31  3   422.58      378     179  1.31  713.81   706  19 7.6E-001   6.2   1.3
 m 32  3   426.05     1478     164  1.31  719.65   706  19 3.0E+000   2.7   1.3
   33  0   431.34      105     146  1.13  728.57   726   8 2.1E-001  19.3   0.0
   34  0   583.27       49      84  1.09  984.35   979  11 9.9E-002  32.0   0.0
   35  0   609.46      124      51  1.44 1028.43  1023  11 2.5E-001  12.6   0.0
   36  0   676.05      140      58  1.36 1140.55  1135  11 2.8E-001  11.9   0.0
   37  0   688.71      184      50  1.42 1161.86  1156  11 3.7E-001   9.5   0.0
   38  0   911.85       27      36  1.55 1537.54  1533  10 5.4E-002  39.1   0.0
Peak Analysis Report                    15.4.2016   9:11:43             Page **


   Pk IT  Energy      Area   Bkgnd  FWHM Channel  Left  PW  Cts/Sec  %err   Fit

   39  0  1461.52      330       5  2.09 2462.98  2456  14 6.6E-001   5.6   0.0
   40  0  1764.97       23       5  1.53 2973.86  2971   6 4.7E-002  24.0   0.0
   41  0  2615.26       55       2  2.78 4405.42  4399  14 1.1E-001  14.1   0.0

M = First peak in a multiplet region
m = Other peak in a multiplet region
F = Fitted singlet

Errors quoted at  1.000 sigma
