*************************************************************************
*****        G A M M A   S P E C T R U M    A N A L Y S I S         *****
*************************************************************************


Filename: E:\Diplomka\2Tm70p5.CNF                                      

Report Generated On             : 15.4.2016   9:12:33   

Sample Title                    : 3Au103p5                               
Sample Description              : p(35)-Be,  Ip=var               
Sample Identification           : 3Au103p5        
Sample Type                     :                 
Sample Geometry                 : p5              

Peak Locate Threshold           :  3.00
Peak Locate Range (in channels) :     1 - 16384
Peak Area Range (in channels)   :     1 - 16384
Identification Energy Tolerance :    1.000 keV

Sample Size                     :  1.673E-001 gram    

Sample Taken On                 : 23.9.2015  19:00:00   
Acquisition Started             : 28.1.2016   8:24:05   

Live Time                       :     1205.6 seconds
Real Time                       :     1214.1 seconds

Dead Time                       :   0.70 %


              Energy Calibration Used Done On       : 30.5.2015 
              Efficiency Calibration Used Done On   : 22.5.2014 
              Efficiency ID                         : CAN p5 + Al            

Peak Analysis Report                    15.4.2016   9:12:34             Page **


*******************************************************************************
*****  S T A N D A R D   V M S   P E A K   A N A L Y S I S   R E P O R T  *****
*******************************************************************************

        Configuration Title:                                         
        Spectrum Title:              3Au103p5                 
        Peak Analysis Performed on:  15.4.16   9:12:34   
        Peak Analysis From Channel:      1    To Channel:     8192
        Peak Search Sensitivity:      3.00    Gaussian Sensitivity: 10.00
        Max Iterations: 10  Fit Singlets: No  Critical Level Test: Yes
        Use Fixed FWHM: No  FWHM Reject:  No  FWHM Reject Ratio:  0.00 
        Peak Fit Engine Name: PANOLIN1        Continuum Type: STEP   

   Pk IT  Energy      Area   Bkgnd  FWHM Channel  Left  PW  Cts/Sec  %err   Fit

 M  1 13     3.96      504     264  1.33    9.02     5  12 4.2E-001   6.0   5.3
 m  2 13     5.63      778     826  1.34   11.82     5  12 6.5E-001   7.0   5.3
 m  3 13     6.96     1389    1040  1.35   14.07     5  12 1.2E+000   4.7   5.3
    4  0    38.61      528    3019  1.81   67.35    64   7 4.4E-001  15.8   0.0
 M  5 26    45.92     1131    4056  1.04   79.66    76  15 9.4E-001   5.2  88.6
 m  6 26    48.02    36985    4665  1.05   83.20    76  15 3.1E+001   1.1  88.6
 m  7 26    48.96    71347    5354  1.05   84.78    76  15 5.9E+001   0.6  88.6
 m  8 26    50.43     2738    5960  1.05   87.26    76  15 2.3E+000   3.5  88.6
 M  9  5    55.50    26134    4428  1.10   95.80    92  10 2.2E+001   0.7  81.4
 m 10  5    57.04    14100    3502  1.10   98.39    92  10 1.2E+001   1.0  81.4
   11  0    63.08      411    2507  1.15  108.55   105   7 3.4E-001  17.4   0.0
 M 12  4    72.79      872    2091  1.07  124.89   121  11 7.2E-001   5.3   0.2
 m 13  4    74.91     1587    2629  1.07  128.47   121  11 1.3E+000   3.6   0.2
   14  0    79.91      652    3074  1.18  136.88   134   7 5.4E-001  12.3   0.0
 M 15 13    84.64      588    2629  1.00  144.85   142  11 4.9E-001   8.4   9.5
 m 16 13    87.38      247    2833  1.01  149.47   142  11 2.0E-001  16.0   9.5
   17  0    93.36      360    2625  1.29  159.53   156   7 3.0E-001  20.3   0.0
   18  0    99.26      346    2403  1.31  169.47   166   7 2.9E-001  20.2   0.0
   19  0   184.27     1744    1493  1.27  312.59   309   8 1.4E+000   3.9   0.0
   20  0   198.35     3911    1512  1.15  336.29   332   9 3.2E+000   2.2   0.0
   21  0   207.89    42917    1286  1.22  352.35   348   9 3.6E+001   0.5   0.0
   22  0   238.61      141    1018  0.83  404.07   400   9 1.2E-001  34.1   0.0
   23  0   295.32      113     549  1.52  499.55   495   9 9.4E-002  31.6   0.0
   24  0   325.69      160     498  1.77  550.68   546   9 1.3E-001  21.8   0.0
   25  0   351.95      215     484  1.80  594.90   590  10 1.8E-001  16.8   0.0
   26  0   426.35      109     291  1.15  720.15   716   9 9.0E-002  24.8   0.0
   27  0   447.61      884     307  1.32  755.94   751  10 7.3E-001   4.5   0.0
   28  0   510.66      195     278  1.86  862.10   857  10 1.6E-001  14.6   0.0
   29  0   531.69      811     284  1.46  897.50   892  11 6.7E-001   4.8   0.0
   30  0   546.90       70     250  1.84  923.11   919   9 5.8E-002  35.1   0.0
   31  0   583.36       92     275  1.35  984.51   979  11 7.6E-002  29.8   0.0
   32  0   609.61      226     213  1.62 1028.70  1023  11 1.9E-001  12.0   0.0
   33  0   631.87      258     195  1.37 1066.18  1061  11 2.1E-001  10.4   0.0
   34  0   672.55       43     114  0.86 1134.66  1132   8 3.5E-002  38.7   0.0
   35  0   705.82       91     149  1.35 1190.66  1185  11 7.6E-002  23.2   0.0
   36  0   720.50      339      92  1.63 1215.39  1211  10 2.8E-001   6.9   0.0
 M 37  5   727.56       53      83  1.57 1227.28  1224  15 4.4E-002  19.3   0.7
 m 38  5   730.91      124      92  1.57 1232.92  1224  15 1.0E-001  11.1   0.7
Peak Analysis Report                    15.4.2016   9:12:34             Page **


   Pk IT  Energy      Area   Bkgnd  FWHM Channel  Left  PW  Cts/Sec  %err   Fit

   39  0   741.66      375     122  1.46 1251.01  1245  12 3.1E-001   6.9   0.0
   40  0   779.03      182     107  1.87 1313.92  1308  12 1.5E-001  11.6   0.0
   41  0   786.27       79     104  1.56 1326.12  1322  10 6.6E-002  22.4   0.0
   42  0   816.38      951     321  1.52 1376.82  1371  11 7.9E-001   4.4   0.0
   43  0   821.47      249     116  1.48 1385.38  1383   8 2.1E-001   9.1   0.0
   44  0   830.26      164     114  1.81 1400.18  1394  12 1.4E-001  12.9   0.0
 M 45  4   911.66      131      76  1.80 1537.23  1531  18 1.1E-001  10.5   0.7
 m 46  4   915.29       65      77  1.80 1543.33  1531  18 5.4E-002  16.3   0.7
   47  0  1014.76       30      59  0.97 1710.81  1706  10 2.5E-002  42.7   0.0
   48  0  1120.72       46      65  1.51 1889.20  1886   8 3.8E-002  29.1   0.0
   49  0  1274.41       74      69  2.24 2147.95  2142  12 6.1E-002  21.4   0.0
   50  0  1461.53      859      38  1.98 2463.00  2456  14 7.1E-001   3.6   0.0
   51  0  1765.28       64      13  2.10 2974.39  2968  13 5.3E-002  15.6   0.0
   52  0  2053.33       63       9  1.25 3459.34  3453  12 5.2E-002  14.7   0.0
   53  0  2615.57      151       5  2.69 4405.94  4400  12 1.3E-001   8.4   0.0
   54  0  2930.92       30       3  1.46 4936.86  4933  11 2.5E-002  20.8   0.0

M = First peak in a multiplet region
m = Other peak in a multiplet region
F = Fitted singlet

Errors quoted at  1.000 sigma
