*************************************************************************
*****        G A M M A   S P E C T R U M    A N A L Y S I S         *****
*************************************************************************


Filename: E:\Diplomka\3Au104p5.CNF                                     

Report Generated On             : 15.4.2016   9:13:08   

Sample Title                    : 3Au103p5                               
Sample Description              : p(35)-Be,  Ip=var               
Sample Identification           : 3Au103p5        
Sample Type                     :                 
Sample Geometry                 : p5              

Peak Locate Threshold           :  3.00
Peak Locate Range (in channels) :     1 - 16384
Peak Area Range (in channels)   :     1 - 16384
Identification Energy Tolerance :    1.000 keV

Sample Size                     :  1.673E-001 gram    

Sample Taken On                 : 23.9.2015  19:00:00   
Acquisition Started             : 28.1.2016  12:37:59   

Live Time                       :     2465.5 seconds
Real Time                       :     2494.2 seconds

Dead Time                       :   1.15 %


              Energy Calibration Used Done On       : 30.5.2015 
              Efficiency Calibration Used Done On   : 22.5.2014 
              Efficiency ID                         : CAN p5 + Al            

Peak Analysis Report                    15.4.2016   9:13:09             Page **


*******************************************************************************
*****  S T A N D A R D   V M S   P E A K   A N A L Y S I S   R E P O R T  *****
*******************************************************************************

        Configuration Title:                                         
        Spectrum Title:              3Au103p5                 
        Peak Analysis Performed on:  15.4.16   9:13:09   
        Peak Analysis From Channel:      1    To Channel:     8192
        Peak Search Sensitivity:      3.00    Gaussian Sensitivity: 10.00
        Max Iterations: 10  Fit Singlets: No  Critical Level Test: Yes
        Use Fixed FWHM: No  FWHM Reject:  No  FWHM Reject Ratio:  0.00 
        Peak Fit Engine Name: PANOLIN1        Continuum Type: STEP   

   Pk IT  Energy      Area   Bkgnd  FWHM Channel  Left  PW  Cts/Sec  %err   Fit

 M  1 15     3.97     2488     412  1.22    9.04     5  22 1.0E+000   2.4  23.4
 m  2 15     5.46     2323     778  1.23   11.54     5  22 9.4E-001   2.9  23.4
 m  3 15     6.90     2595    1748  1.24   13.97     5  22 1.1E+000   2.7  23.4
 m  4 15     8.65    10631    3551  1.25   16.92     5  22 4.3E+000   1.2  23.4
 m  5 15    10.41    13559    6014  1.26   19.88     5  22 5.5E+000   1.0  23.4
 m  6 15    12.42     2355    7469  1.27   23.26     5  22 9.6E-001   3.6  23.4
 M  7 32    54.81      723   21453  3.21   94.64    94  11 2.9E-001 121.0   3.2
 m  8 32    57.07     2157   27153  3.22   98.44    94  11 8.8E-001  86.7   3.2
 M  9  7    65.06    64877   16478  1.09  111.89   108  33 2.6E+001   0.5  89.0
 m 10  7    66.83   137764   14836  1.09  114.87   108  33 5.6E+001   0.3  89.0
 m 11  7    68.76   104070   13107  1.10  118.12   108  33 4.2E+001   0.4  89.0
 m 12  7    70.78     4035   14326  1.10  121.51   108  33 1.6E+000   2.4  89.0
 m 13  7    72.84     2663   12063  1.10  124.98   108  33 1.1E+000   3.3  89.0
 m 14  7    75.54    31761   13508  1.11  129.53   108  33 1.3E+001   0.6  89.0
 m 15  7    77.83    43884   12658  1.11  133.38   108  33 1.8E+001   0.5  89.0
 m 16  7    80.17     9463   12102  1.12  137.32   108  33 3.8E+000   1.4  89.0
 M 17  9    84.77     2346    7953  1.08  145.07   143  10 9.5E-001   4.1   9.4
 m 18  9    87.34      693   10309  1.08  149.40   143  10 2.8E-001  10.9   9.4
   19  0    98.93     1568   11742  1.06  168.90   165   8 6.4E-001  10.1   0.0
 M 20  5   133.82      294   10732  1.07  227.65   224  14 1.2E-001  24.5   1.7
 m 21  5   135.88      364    9142  1.07  231.12   224  14 1.5E-001  19.6   1.7
 m 22  5   137.64     2516    9084  1.07  234.08   224  14 1.0E+000   3.9   1.7
   23  0   147.87    59059   14613  1.17  251.31   247   9 2.4E+001   0.5   0.0
   24  0   168.31     7300   13960  1.16  285.71   282   8 3.0E+000   2.6   0.0
 M 25  6   188.25    42523   10638  1.12  319.29   315  17 1.7E+001   0.5   1.8
 m 26  6   191.47      334   10401  1.12  324.71   315  17 1.4E-001  22.0   1.8
 M 27  5   214.82      668    7435  1.29  364.02   361  11 2.7E-001  10.6   0.9
 m 28  5   216.61     1029    8311  1.29  367.03   361  11 4.2E-001   7.6   0.9
   29  0   257.19      624    5996  1.20  435.36   431   9 2.5E-001  18.7   0.0
   30  0   263.73     1048    5101  1.30  446.36   442   9 4.2E-001  10.4   0.0
   31  0   285.50     3738    3677  1.22  483.02   478  10 1.5E+000   2.9   0.0
 M 32  5   293.61      324    2332  1.13  496.67   492  12 1.3E-001  12.9   0.7
 m 33  5   295.11      229    2243  1.13  499.21   492  12 9.3E-002  16.6   0.7
   34  0   316.15     2501    1976  1.38  534.62   530   9 1.0E+000   3.3   0.0
 M 35  4   333.09    29382    2639  1.19  563.14   559  14 1.2E+001   0.6  90.3
 m 36  4   336.09      635    1390  1.20  568.19   559  14 2.6E-001   6.0  90.3
   37  0   346.27      190    1532  1.34  585.33   581   9 7.7E-002  30.9   0.0
 M 38  5   351.94      315    1487  1.25  594.87   590  16 1.3E-001  10.5   2.3
Peak Analysis Report                    15.4.2016   9:13:09             Page **


   Pk IT  Energy      Area   Bkgnd  FWHM Channel  Left  PW  Cts/Sec  %err   Fit

 m 39  5   355.78   111336    1079  1.25  601.35   590  16 4.5E+001   0.3   2.3
 M 40  5   398.26      284     779  1.26  672.87   670  11 1.2E-001  10.0   3.7
 m 41  5   399.96      585     747  1.26  675.72   670  11 2.4E-001   6.0   3.7
 M 42  4   409.00      302     817  1.29  690.95   686  15 1.2E-001   9.1   5.6
 m 43  4   411.91   124883     793  1.30  695.84   686  15 5.1E+001   0.3   5.6
 M 44  5   420.88     1160     803  1.26  710.95   706  19 4.7E-001   3.7   9.8
 m 45  5   422.62     1792     847  1.27  713.88   706  19 7.3E-001   2.8   9.8
 m 46  5   426.06     7101     880  1.27  719.67   706  19 2.9E+000   1.3   9.8
   47  0   463.14       60     367  0.63  782.10   780   7 2.4E-002  46.1   0.0
   48  0   511.25      374     486  2.29  863.09   858  10 1.5E-001  10.3   0.0
   49  0   583.37      290     343  1.50  984.51   979  11 1.2E-001  11.5   0.0
   50  0   609.44      463     249  1.51 1028.41  1024  10 1.9E-001   6.9   0.0
   51  0   676.09      672     256  1.66 1140.62  1135  11 2.7E-001   5.3   0.0
   52  0   688.93      761     214  1.51 1162.24  1158  10 3.1E-001   4.6   0.0
   53  0   727.73       75     203  1.46 1227.55  1223  10 3.0E-002  31.0   0.0
   54  0   741.53       49     162  0.86 1250.80  1247   9 2.0E-002  40.5   0.0
   55  0   911.66      212     184  1.42 1537.23  1533  10 8.6E-002  11.8   0.0
   56  0   969.43      119     145  1.54 1634.49  1632   9 4.8E-002  17.6   0.0
 M 57  6  1088.25      124      90  1.94 1834.54  1831  16 5.0E-002  11.2   1.3
 m 58  6  1092.07      100     106  1.95 1840.97  1831  16 4.1E-002  13.2   1.3
   59  0  1120.84      114     142  1.53 1889.39  1886  10 4.6E-002  18.4   0.0
 M 60 32  1459.33       45      69  1.98 2459.29  2454  16 1.8E-002  58.5   2.1
 m 61 32  1461.53     1537      58  1.98 2463.00  2454  16 6.2E-001   3.1   2.1
   62  0  1469.27       48      37  2.05 2476.01  2472  11 1.9E-002  24.3   0.0
   63  0  1765.22      156      16  1.82 2974.29  2967  14 6.3E-002   9.0   0.0
   64  0  2615.41      291       6  2.76 4405.66  4398  16 1.2E-001   6.0   0.0
   65  0  2930.80       43       3  1.24 4936.65  4933  10 1.7E-002  16.6   0.0

M = First peak in a multiplet region
m = Other peak in a multiplet region
F = Fitted singlet

Errors quoted at  1.000 sigma
