*************************************************************************
*****        G A M M A   S P E C T R U M    A N A L Y S I S         *****
*************************************************************************


Filename: E:\Diplomka\4Tm70p5.CNF                                      

Report Generated On             : 15.4.2016   9:13:32   

Sample Title                    : 3Au103p5                               
Sample Description              : p(35)-Be,  Ip=var               
Sample Identification           : 3Au103p5        
Sample Type                     :                 
Sample Geometry                 : p5              

Peak Locate Threshold           :  3.00
Peak Locate Range (in channels) :     1 - 16384
Peak Area Range (in channels)   :     1 - 16384
Identification Energy Tolerance :    1.000 keV

Sample Size                     :  1.673E-001 gram    

Sample Taken On                 : 23.9.2015  19:00:00   
Acquisition Started             : 28.1.2016  17:36:01   

Live Time                       :     6891.1 seconds
Real Time                       :     6938.5 seconds

Dead Time                       :   0.68 %


              Energy Calibration Used Done On       : 30.5.2015 
              Efficiency Calibration Used Done On   : 22.5.2014 
              Efficiency ID                         : CAN p5 + Al            

Peak Analysis Report                    15.4.2016   9:13:33             Page **


*******************************************************************************
*****  S T A N D A R D   V M S   P E A K   A N A L Y S I S   R E P O R T  *****
*******************************************************************************

        Configuration Title:                                         
        Spectrum Title:              3Au103p5                 
        Peak Analysis Performed on:  15.4.16   9:13:33   
        Peak Analysis From Channel:      1    To Channel:     8192
        Peak Search Sensitivity:      3.00    Gaussian Sensitivity: 10.00
        Max Iterations: 10  Fit Singlets: No  Critical Level Test: Yes
        Use Fixed FWHM: No  FWHM Reject:  No  FWHM Reject Ratio:  0.00 
        Peak Fit Engine Name: PANOLIN1        Continuum Type: STEP   

   Pk IT  Energy      Area   Bkgnd  FWHM Channel  Left  PW  Cts/Sec  %err   Fit

 M  1 11     3.91     3089    1689  1.37    8.94     5  12 4.5E-001   2.5  20.3
 m  2 11     5.56     3669    4769  1.38   11.72     5  12 5.3E-001   3.5  20.3
 m  3 11     6.91     7731    5868  1.39   13.98     5  12 1.1E+000   2.0  20.3
    4  0    21.41      280    7887  1.10   38.40    35   7 4.1E-002  44.1   0.0
 M  5 23    37.62      293    5960  0.43   65.68    61  10 4.3E-002  21.7  71.7
 m  6 23    38.70      805    7498  0.43   67.50    61  10 1.2E-001  21.3  71.7
 M  7 32    45.59     7408   28857  1.56   79.10    76  15 1.1E+000   1.8 1618.
 m  8 32    48.65   594411   36888  1.57   84.26    76  15 8.6E+001   0.1 1618.
 m  9 32    50.66     4380   35262  1.57   87.65    76  15 6.4E-001   4.5 1618.
 M 10  8    55.51   132496   23102  1.06   95.80    92  13 1.9E+001   0.3 311.8
 m 11  8    57.04    75489   18586  1.06   98.39    92  13 1.1E+001   0.4 311.8
 m 12  8    58.89     1181   13231  1.06  101.50    92  13 1.7E-001   7.4 311.8
 M 13  4    72.75     4680   11052  1.03  124.83   121  11 6.8E-001   2.3   4.7
 m 14  4    74.92     8600   13975  1.04  128.49   121  11 1.2E+000   1.5   4.7
   15  0    79.80     3370   16690  1.12  136.70   134   7 4.9E-001   5.6   0.0
   16  0    84.65      851   30467  0.99  144.86   141  12 1.2E-001  32.8   0.0
   17  0    93.34     1082   13906  1.42  159.50   156   7 1.6E-001  15.3   0.0
   18  0    99.28     2595   12608  1.35  169.50   166   7 3.8E-001   6.3   0.0
   19  0   184.28     8653    8959  1.23  312.60   308   9 1.3E+000   1.9   0.0
   20  0   198.31    22865    7834  1.17  336.23   332   9 3.3E+000   0.9   0.0
   21  0   207.88   236818    7095  1.21  352.35   348   9 3.4E+001   0.2   0.0
 M 22  8   215.24      438    4834  1.22  364.74   361  11 6.4E-002  13.4   1.0
 m 23  8   216.93      330    4619  1.22  367.57   361  11 4.8E-002  16.4   1.0
   24  0   238.68      882    5359  0.94  404.20   400   9 1.3E-001  12.6   0.0
   25  0   246.96      571    4832  1.78  418.14   414   9 8.3E-002  18.3   0.0
   26  0   295.25      623    3255  1.29  499.44   495   9 9.0E-002  14.0   0.0
   27  0   338.25      449    2624  1.77  571.83   567  10 6.5E-002  17.8   0.0
   28  0   351.95      989    2124  1.25  594.89   592   8 1.4E-001   7.4   0.0
   29  0   447.61     4709    1692  1.33  755.95   751  10 6.8E-001   2.0   0.0
   30  0   510.81      987    1656  2.39  862.35   857  11 1.4E-001   7.1   0.0
   31  0   531.68     4703    1493  1.48  897.50   892  11 6.8E-001   1.9   0.0
   32  0   546.91      480    1384  1.45  923.12   918  10 7.0E-002  12.5   0.0
   33  0   583.37      703    1209  1.50  984.51   979   9 1.0E-001   8.1   0.0
   34  0   609.47     1303    1274  1.52 1028.46  1023  11 1.9E-001   5.1   0.0
   35  0   631.88     1442    1037  1.57 1066.19  1061  11 2.1E-001   4.3   0.0
   36  0   645.94      376    1017  1.35 1089.86  1084  11 5.5E-002  14.1   0.0
   37  0   691.42       77     603  1.28 1166.42  1162   8 1.1E-002  46.6   0.0
   38  0   705.70      228     767  1.84 1190.47  1185  11 3.3E-002  19.9   0.0
Peak Analysis Report                    15.4.2016   9:13:33             Page **


   Pk IT  Energy      Area   Bkgnd  FWHM Channel  Left  PW  Cts/Sec  %err   Fit

   39  0   720.55     1906     728  1.56 1215.47  1210  11 2.8E-001   3.2   0.0
   40  0   730.87      297    1662  1.55 1232.84  1221  17 4.3E-002  25.7   0.0
   41  0   741.56     1902     542  1.56 1250.84  1247   9 2.8E-001   2.9   0.0
   42  0   748.25       95     467  1.63 1262.11  1259   8 1.4E-002  33.9   0.0
   43  0   768.64      167     629  1.73 1296.44  1291  11 2.4E-002  24.4   0.0
   44  0   778.95      455     608  1.76 1313.80  1308  12 6.6E-002   9.8   0.0
   45  0   786.12      165     476  1.55 1325.87  1323   8 2.4E-002  20.4   0.0
   46  0   816.33     5667    1834  1.56 1376.72  1371  11 8.2E-001   1.8   0.0
   47  0   821.40      382    1742  1.39 1385.27  1382   9 5.5E-002  20.5   0.0
   48  0   830.21      968     519  1.76 1400.10  1396  10 1.4E-001   4.8   0.0
 M 49  6   860.75       99     442  1.45 1451.51  1446  19 1.4E-002  18.4   1.2
 m 50  6   865.47      174     455  1.45 1459.47  1446  19 2.5E-002  12.7   1.2
 M 51  4   911.62      655     389  1.60 1537.16  1532  16 9.5E-002   4.8   1.0
 m 52  4   915.36      377     389  1.60 1543.46  1532  16 5.5E-002   6.7   1.0
 M 53  5   965.14      128     404  1.71 1627.27  1621  19 1.9E-002  14.6   0.6
 m 54  5   969.38      380     359  1.71 1634.40  1621  19 5.5E-002   7.0   0.6
   55  0  1014.60      213     335  1.70 1710.53  1707   9 3.1E-002  14.4   0.0
   56  0  1120.62      398     449  1.41 1889.03  1883  12 5.8E-002   9.8   0.0
   57  0  1177.17      154     351  1.50 1984.25  1978  11 2.2E-002  20.5   0.0
   58  0  1238.49      170     427  1.61 2087.47  2081  13 2.5E-002  21.2   0.0
 M 59  4  1273.97      140     246  1.66 2147.21  2143  17 2.0E-002  12.4   0.8
 m 60  4  1277.84      157     243  1.66 2153.73  2143  17 2.3E-002  11.5   0.8
   61  0  1378.22       62     182  1.26 2322.73  2320   9 8.9E-003  36.3   0.0
   62  0  1461.44     4796     127  2.06 2462.83  2456  14 7.0E-001   1.5   0.0
 M 63  4  1588.91       71      85  1.76 2677.44  2672  19 1.0E-002  15.9   1.3
 m 64  4  1592.59       56      73  1.77 2683.64  2672  19 8.2E-003  17.9   1.3
   65  0  1730.12       62      59  1.86 2915.19  2909  13 9.0E-003  24.0   0.0
   66  0  1765.16      427      77  2.16 2974.19  2967  14 6.2E-002   5.9   0.0
   67  0  1847.87       79      61  2.35 3113.44  3106  14 1.1E-002  20.0   0.0
   68  0  2053.14      140      47  1.95 3459.03  3452  14 2.0E-002  11.8   0.0
   69  0  2204.95      107      54  2.64 3714.62  3709  12 1.6E-002  14.5   0.0
   70  0  2615.20      917       6  2.72 4405.32  4397  16 1.3E-001   3.3   0.0
   71  0  2931.74      131      17  1.62 4938.24  4933  13 1.9E-002  10.2   0.0

M = First peak in a multiplet region
m = Other peak in a multiplet region
F = Fitted singlet

Errors quoted at  1.000 sigma
