*************************************************************************
*****        G A M M A   S P E C T R U M    A N A L Y S I S         *****
*************************************************************************


Filename: E:\Diplomka\5Au104p5.CNF                                     

Report Generated On             : 15.4.2016   9:13:58   

Sample Title                    : 3Au103p5                               
Sample Description              : p(35)-Be,  Ip=var               
Sample Identification           : 3Au103p5        
Sample Type                     :                 
Sample Geometry                 : p5              

Peak Locate Threshold           :  3.00
Peak Locate Range (in channels) :     1 - 16384
Peak Area Range (in channels)   :     1 - 16384
Identification Energy Tolerance :    1.000 keV

Sample Size                     :  1.673E-001 gram    

Sample Taken On                 : 23.9.2015  19:00:00   
Acquisition Started             : 29.1.2016  13:23:27   

Live Time                       :    11251.4 seconds
Real Time                       :    11356.9 seconds

Dead Time                       :   0.93 %


              Energy Calibration Used Done On       : 30.5.2015 
              Efficiency Calibration Used Done On   : 22.5.2014 
              Efficiency ID                         : CAN p5 + Al            

Peak Analysis Report                    15.4.2016   9:13:59             Page **


*******************************************************************************
*****  S T A N D A R D   V M S   P E A K   A N A L Y S I S   R E P O R T  *****
*******************************************************************************

        Configuration Title:                                         
        Spectrum Title:              3Au103p5                 
        Peak Analysis Performed on:  15.4.16   9:13:59   
        Peak Analysis From Channel:      1    To Channel:     8192
        Peak Search Sensitivity:      3.00    Gaussian Sensitivity: 10.00
        Max Iterations: 10  Fit Singlets: No  Critical Level Test: Yes
        Use Fixed FWHM: No  FWHM Reject:  No  FWHM Reject Ratio:  0.00 
        Peak Fit Engine Name: PANOLIN1        Continuum Type: STEP   

   Pk IT  Energy      Area   Bkgnd  FWHM Channel  Left  PW  Cts/Sec  %err   Fit

    1  0     3.54     3638   10666  1.25    8.31     5   7 3.2E-001   4.9   0.0
 M  2  6     8.66    18361   23826  1.18   16.92    14  12 1.6E+000   1.0  17.0
 m  3  6    10.36    26868   28461  1.19   19.79    14  12 2.4E+000   0.8  17.0
 m  4  6    12.32     4219   25078  1.20   23.09    14  12 3.7E-001   3.4  17.0
 M  5 26    53.73     3102   64787  2.51   92.81    91  11 2.8E-001   8.7   6.2
 m  6 26    56.21     5564   82960  2.48   96.99    91  11 4.9E-001   7.1   6.2
 M  7  7    65.05   267300   53822  1.08  111.87   108  33 2.4E+001   0.2 255.9
 m  8  7    66.79   443701   49158  1.09  114.80   108  33 3.9E+001   0.2 255.9
 m  9  7    68.76   119141   45536  1.09  118.11   108  33 1.1E+001   0.4 255.9
 m 10  7    70.77    13319   51770  1.09  121.50   108  33 1.2E+000   1.4 255.9
 m 11  7    72.81     7814   43861  1.10  124.94   108  33 6.9E-001   2.0 255.9
 m 12  7    75.55   126462   49391  1.10  129.55   108  33 1.1E+001   0.3 255.9
 m 13  7    77.82    83935   47218  1.11  133.37   108  33 7.5E+000   0.4 255.9
 m 14  7    80.13    12261   46165  1.11  137.26   108  33 1.1E+000   1.6 255.9
 M 15  8    84.84     3032   40808  0.93  145.18   142  11 2.7E-001   9.5  53.7
 m 16  8    87.38     1350   30383  0.93  149.47   142  11 1.2E-001   9.6  53.7
   17  0    98.91     5943   46311  1.04  168.88   165   8 5.3E-001   5.3   0.0
   18  0   137.69      879   79449  0.99  234.16   225  13 7.8E-002  52.1   0.0
   19  0   147.84    40943   51706  1.13  251.26   247   8 3.6E+000   0.9   0.0
   20  0   168.31     6345   62512  1.24  285.71   281   9 5.6E-001   5.9   0.0
   21  0   188.28    29496   57495  1.19  319.34   315   9 2.6E+000   1.3   0.0
 M 22  6   238.60     2948   22439  1.14  404.05   400  14 2.6E-001   4.8   1.8
 m 23  6   241.81     1252   25435  1.14  409.46   400  14 1.1E-001   9.6   1.8
   24  0   263.61      550   20734  0.75  446.16   442   9 4.9E-002  38.6   0.0
   25  0   285.41     2947   12358  1.27  482.86   480   8 2.6E-001   5.7   0.0
 M 26  7   293.55      811    9945  1.17  496.57   492  12 7.2E-002   9.5   1.0
 m 27  7   295.20     1677    9591  1.17  499.34   492  12 1.5E-001   5.4   1.0
   28  0   316.12     2036    9174  1.36  534.57   530   9 1.8E-001   7.2   0.0
 M 29  4   328.47     5045    6839  1.23  555.36   551  17 4.5E-001   1.9   4.8
 m 30  4   333.02   127292    7839  1.23  563.02   551  17 1.1E+001   0.3   4.8
 M 31  4   351.94     3185    6529  1.25  594.89   590  16 2.8E-001   2.6   8.8
 m 32  4   355.73   467341    5178  1.25  601.26   590  16 4.2E+001   0.1   8.8
   33  0   364.67      864    6454  1.68  616.32   611  10 7.7E-002  14.4   0.0
 M 34  8   398.22     1168    3756  1.29  672.80   670  14 1.0E-001   5.3   0.5
 m 35  8   399.93     2171    3742  1.29  675.68   670  14 1.9E-001   3.7   0.5
 m 36  8   401.50      296    3721  1.30  678.31   670  14 2.6E-002  19.5   0.5
 M 37  5   409.08     1106    4187  1.29  691.07   686  15 9.8E-002   5.3  10.4
 m 38  5   411.85   430139    4042  1.30  695.74   686  15 3.8E+001   0.2  10.4
Peak Analysis Report                    15.4.2016   9:13:59             Page **


   Pk IT  Energy      Area   Bkgnd  FWHM Channel  Left  PW  Cts/Sec  %err   Fit

 M 39  4   420.87     4936    4106  1.26  710.94   706  19 4.4E-001   1.8  36.5
 m 40  4   422.57     7403    3723  1.26  713.78   706  19 6.6E-001   1.4  36.5
 m 41  4   426.01    30082    4284  1.27  719.58   706  19 2.7E+000   0.6  36.5
   42  0   463.22      319    3043  1.49  782.23   777  10 2.8E-002  26.6   0.0
   43  0   510.90     1994    2890  2.45  862.51   857  11 1.8E-001   4.7   0.0
   44  0   583.33     1857    2046  1.48  984.45   979  11 1.7E-001   4.4   0.0
   45  0   609.46     3412    1878  1.47 1028.45  1023  11 3.0E-001   2.6   0.0
   46  0   675.99     2287    1632  1.61 1140.46  1135  11 2.0E-001   3.4   0.0
   47  0   688.85     3113    1484  1.58 1162.11  1157  11 2.8E-001   2.6   0.0
   48  0   727.52      387    1124  1.58 1227.20  1224   9 3.4E-002  13.7   0.0
   49  0   768.49      265    1271  1.55 1296.19  1291  10 2.4E-002  21.2   0.0
   50  0   786.00      109    1012  1.01 1325.66  1322   9 9.7E-003  43.6   0.0
   51  0   795.25      327    1175  1.46 1341.24  1336  11 2.9E-002  17.1   0.0
   52  0   835.78      102     747  1.23 1409.48  1406   7 9.0E-003  38.4   0.0
   53  0   860.84      317    1122  1.31 1451.67  1446  12 2.8E-002  17.6   0.0
   54  0   911.57     1589    1040  1.71 1537.07  1531  12 1.4E-001   4.1   0.0
   55  0   934.44      134     933  1.19 1575.58  1571  10 1.2E-002  35.3   0.0
   56  0   948.98      135    1002  1.71 1600.07  1595  11 1.2E-002  37.2   0.0
 M 57  4   965.13      341     721  1.64 1627.25  1621  19 3.0E-002   8.3   0.9
 m 58  4   969.31      889     741  1.64 1634.28  1621  19 7.9E-002   4.4   0.9
   59  0  1001.84       89     728  1.21 1689.05  1683  10 7.9E-003  47.1   0.0
 M 60  4  1088.13      335     533  1.45 1834.33  1831  15 3.0E-002   8.2   0.7
 m 61  4  1091.71      361     670  1.46 1840.35  1831  15 3.2E-002   7.8   0.7
   62  0  1120.69     1088     900  1.75 1889.15  1883  12 9.7E-002   5.3   0.0
   63  0  1155.62       91     685  1.56 1947.96  1945   9 8.1E-003  43.3   0.0
   64  0  1238.54      350     813  2.03 2087.57  2081  11 3.1E-002  13.6   0.0
   65  0  1281.42       79     505  1.82 2159.75  2157   9 7.0E-003  43.3   0.0
   66  0  1333.24      154     493  2.31 2247.01  2240  13 1.4E-002  24.7   0.0
   67  0  1378.07      293     385  2.22 2322.47  2316  13 2.6E-002  12.3   0.0
   68  0  1402.03       97     284  1.86 2362.81  2356  10 8.6E-003  28.2   0.0
   69  0  1408.34      119     411  2.22 2373.45  2367  12 1.1E-002  28.7   0.0
   70  0  1461.31    10937     289  2.10 2462.62  2456  13 9.7E-001   1.0   0.0
   71  0  1469.56      148     189  1.93 2476.51  2472  11 1.3E-002  16.5   0.0
   72  0  1496.32       60     124  1.48 2521.56  2518   8 5.3E-003  29.3   0.0
   73  0  1509.53       99     238  1.85 2543.81  2538  12 8.8E-003  26.8   0.0
 M 74  6  1588.51      147     195  1.73 2676.78  2673  18 1.3E-002  11.5   1.7
 m 75  6  1592.78      119     202  1.73 2683.96  2673  18 1.1E-002  13.2   1.7
   76  0  1621.26      140     158  1.55 2731.91  2725  13 1.2E-002  17.0   0.0
   77  0  1631.02      108     146  2.04 2748.34  2743  12 9.6E-003  20.2   0.0
   78  0  1729.87      178     133  2.50 2914.77  2908  14 1.6E-002  13.2   0.0
   79  0  1764.99     1043     137  2.02 2973.90  2967  14 9.3E-002   3.6   0.0
   80  0  1847.80      125     137  1.77 3113.32  3106  14 1.1E-002  17.9   0.0
   81  0  2104.03      253     110  3.57 3544.71  3537  15 2.2E-002   9.5   0.0
   82  0  2118.94       72     112  1.85 3569.80  3563  14 6.4E-003  27.0   0.0
   83  0  2204.34      262      94  2.39 3713.59  3709  12 2.3E-002   8.6   0.0
   84  0  2448.36       99      87  1.72 4124.41  4117  15 8.8E-003  18.9   0.0
   85  0  2614.96     2144      14  2.64 4404.91  4397  16 1.9E-001   2.2   0.0
   86  0  2932.87      211      14  1.61 4940.15  4936  12 1.9E-002   7.5   0.0

M = First peak in a multiplet region
m = Other peak in a multiplet region
F = Fitted singlet

Errors quoted at  1.000 sigma
