*************************************************************************
*****        G A M M A   S P E C T R U M    A N A L Y S I S         *****
*************************************************************************


Filename: E:\Diplomka\6Tm70p5.CNF                                      

Report Generated On             : 15.4.2016   9:14:29   

Sample Title                    : 3Au103p5                               
Sample Description              : p(35)-Be,  Ip=var               
Sample Identification           : 3Au103p5        
Sample Type                     :                 
Sample Geometry                 : p5              

Peak Locate Threshold           :  3.00
Peak Locate Range (in channels) :     1 - 16384
Peak Area Range (in channels)   :     1 - 16384
Identification Energy Tolerance :    1.000 keV

Sample Size                     :  1.673E-001 gram    

Sample Taken On                 : 23.9.2015  19:00:00   
Acquisition Started             : 30.1.2016  11:59:51   

Live Time                       :    13998.7 seconds
Real Time                       :    14089.0 seconds

Dead Time                       :   0.64 %


              Energy Calibration Used Done On       : 30.5.2015 
              Efficiency Calibration Used Done On   : 22.5.2014 
              Efficiency ID                         : CAN p5 + Al            

Peak Analysis Report                    15.4.2016   9:14:31             Page **


*******************************************************************************
*****  S T A N D A R D   V M S   P E A K   A N A L Y S I S   R E P O R T  *****
*******************************************************************************

        Configuration Title:                                         
        Spectrum Title:              3Au103p5                 
        Peak Analysis Performed on:  15.4.16   9:14:31   
        Peak Analysis From Channel:      1    To Channel:     8192
        Peak Search Sensitivity:      3.00    Gaussian Sensitivity: 10.00
        Max Iterations: 10  Fit Singlets: No  Critical Level Test: Yes
        Use Fixed FWHM: No  FWHM Reject:  No  FWHM Reject Ratio:  0.00 
        Peak Fit Engine Name: PANOLIN1        Continuum Type: STEP   

   Pk IT  Energy      Area   Bkgnd  FWHM Channel  Left  PW  Cts/Sec  %err   Fit

 M  1 11     3.92     5464    2982  1.34    8.95     5  12 3.9E-001   1.8  41.6
 m  2 11     5.58     6245    8907  1.35   11.74     5  12 4.5E-001   2.8  41.6
 m  3 11     6.87    13578   11057  1.36   13.92     5  12 9.7E-001   1.6  41.6
    4  0    21.43      586   14316  1.20   38.43    35   7 4.2E-002  28.4   0.0
    5  0    38.65     4571   29455  1.73   67.42    64   7 3.3E-001   5.6   0.0
 M  6 32    45.60    12616   50375  1.56   79.12    76  15 9.0E-001   1.5 2732.
 m  7 32    48.65  1052792   59431  1.56   84.26    76  15 7.5E+001   0.1 2732.
 m  8 32    50.71    10767   54368  1.57   87.72    76  15 7.7E-001   2.6 2732.
 M  9  8    55.52   219336   39753  1.03   95.82    92  13 1.6E+001   0.2 761.1
 m 10  8    57.05   133391   31432  1.03   98.40    92  13 9.5E+000   0.3 761.1
 m 11  8    58.88     3250   21666  1.04  101.49    92  13 2.3E-001   3.6 761.1
 M 12  4    72.74     8101   20960  0.97  124.81   121  20 5.8E-001   1.7  45.8
 m 13  4    74.90    15306   22443  0.98  128.45   121  20 1.1E+000   1.1  45.8
 m 14  4    76.99      478   24175  0.98  131.97   121  20 3.4E-002  23.5  45.8
 m 15  4    79.79     8362   25922  0.98  136.68   121  20 6.0E-001   1.8  45.8
 M 16 11    84.74     2330   28808  1.00  145.03   141  12 1.7E-001  11.7 121.8
 m 17 11    87.44      891   25273  1.00  149.56   141  12 6.4E-002  11.9 121.8
   18  0    99.29     5107   22978  1.35  169.51   166   7 3.6E-001   4.3   0.0
   19  0   105.94     1361   26068  1.50  180.72   177   8 9.7E-002  17.1   0.0
 M 20  6   184.29    15912   12903  1.13  312.63   309  11 1.1E+000   1.0   1.1
 m 21  6   186.05      593   12401  1.13  315.58   309  11 4.2E-002  14.2   1.1
   22  0   198.29    45397   15039  1.14  336.19   332   9 3.2E+000   0.6   0.0
   23  0   207.87   418901   12935  1.19  352.32   348   9 3.0E+001   0.2   0.0
 M 24  5   238.61     2148    7832  1.18  404.07   400  14 1.5E-001   4.1   1.2
 m 25  5   241.93      627    7610  1.19  409.66   400  14 4.5E-002  10.9   1.2
   26  0   247.02      645    9460  1.48  418.23   414   9 4.6E-002  22.4   0.0
   27  0   277.93      365    7018  1.28  470.27   466   9 2.6E-002  33.9   0.0
   28  0   295.23     1365    6379  1.22  499.40   495   9 9.7E-002   9.0   0.0
   29  0   338.35      517    4953  1.45  572.00   567   9 3.7E-002  20.4   0.0
   30  0   351.90     2925    4093  1.22  594.81   592   8 2.1E-001   3.6   0.0
   31  0   409.45      203    2945  1.06  691.70   689   8 1.4E-002  38.6   0.0
   32  0   447.54     9762    3336  1.38  755.84   751  10 7.0E-001   1.3   0.0
   33  0   463.05      270    3141  1.18  781.94   777  10 1.9E-002  31.9   0.0
   34  0   511.00     1758    3171  2.18  862.67   857  11 1.3E-001   5.5   0.0
   35  0   531.65     8173    3091  1.48  897.45   892  11 5.8E-001   1.5   0.0
   36  0   546.82      930    2625  1.56  922.98   918  10 6.6E-002   8.9   0.0
 M 37  4   580.23      134    2032  1.35  979.23   975  15 9.6E-003  25.5   1.0
 m 38  4   583.24     1517    2039  1.35  984.30   975  15 1.1E-001   3.7   1.0
Peak Analysis Report                    15.4.2016   9:14:31             Page **


   Pk IT  Energy      Area   Bkgnd  FWHM Channel  Left  PW  Cts/Sec  %err   Fit

   39  0   609.40     3063    2591  1.48 1028.33  1023  11 2.2E-001   3.1   0.0
   40  0   631.77     2923    1914  1.53 1066.00  1061  10 2.1E-001   2.9   0.0
   41  0   645.78      804    1771  1.44 1089.59  1085  10 5.7E-002   8.6   0.0
   42  0   720.48     3951    1382  1.63 1215.35  1210  11 2.8E-001   2.2   0.0
 M 43  5   727.35      332    1041  1.50 1226.92  1223  15 2.4E-002   9.4   1.4
 m 44  5   730.78     1442    1118  1.50 1232.69  1223  15 1.0E-001   3.3   1.4
   45  0   741.54     4034    1248  1.61 1250.82  1245  11 2.9E-001   2.1   0.0
   46  0   768.60      254    1340  1.58 1296.37  1291  11 1.8E-002  23.1   0.0
   47  0   795.09      155     946  1.79 1340.97  1337   9 1.1E-002  30.1   0.0
   48  0   816.23    10967    3941  1.61 1376.57  1371  11 7.8E-001   1.3   0.0
   49  0   830.17     1987    1013  1.74 1400.03  1395  10 1.4E-001   3.3   0.0
 M 50  6   860.69      247     944  1.76 1451.41  1446  19 1.8E-002  11.8   1.2
 m 51  6   865.15      366    1013  1.76 1458.92  1446  19 2.6E-002   9.1   1.2
 M 52  4   911.49     1311     838  1.67 1536.94  1531  18 9.4E-002   3.3   1.3
 m 53  4   915.29      792     741  1.67 1543.34  1531  18 5.7E-002   4.6   1.3
   54  0   934.51      142     829  1.67 1575.69  1572  10 1.0E-002  31.8   0.0
 M 55  4   964.93      314     739  1.76 1626.92  1622  18 2.2E-002   8.8   0.5
 m 56  4   969.30      867     723  1.76 1634.27  1622  18 6.2E-002   4.4   0.5
   57  0  1014.50      500     760  1.62 1710.36  1706  10 3.6E-002   9.4   0.0
   58  0  1120.61      996     782  1.98 1889.01  1883  12 7.1E-002   5.5   0.0
   59  0  1155.38       64     647  1.28 1947.56  1944  10 4.6E-003  60.8   0.0
   60  0  1238.48      450     752  1.79 2087.47  2081  13 3.2E-002  11.0   0.0
   61  0  1277.90      209     648  1.59 2153.83  2149  11 1.5E-002  20.1   0.0
   62  0  1332.67       71     353  1.95 2246.04  2243  10 5.1E-003  41.3   0.0
   63  0  1378.24      242     333  1.60 2322.75  2316  13 1.7E-002  13.9   0.0
   64  0  1408.38      103     382  1.97 2373.50  2367  13 7.3E-003  32.9   0.0
   65  0  1461.29     9766     263  2.11 2462.59  2456  13 7.0E-001   1.0   0.0
   66  0  1509.75      106     182  1.30 2544.18  2539  12 7.6E-003  22.3   0.0
 M 67  5  1588.68      116     172  1.69 2677.05  2672  19 8.3E-003  13.0   1.4
 m 68  5  1592.86       92     139  1.69 2684.09  2672  19 6.6E-003  14.4   1.4
   69  0  1620.97       69     129  1.72 2731.43  2727  11 4.9E-003  28.2   0.0
   70  0  1630.83       63     115  2.39 2748.03  2744  11 4.5E-003  29.4   0.0
   71  0  1661.56       40     113  2.13 2799.77  2794  10 2.8E-003  43.3   0.0
   72  0  1730.08      134     116  1.95 2915.11  2910  12 9.6E-003  15.5   0.0
   73  0  1764.88      895     108  2.18 2973.70  2967  14 6.4E-002   3.9   0.0
   74  0  1838.73       21      54  1.66 3098.04  3095   7 1.5E-003  52.9   0.0
   75  0  1848.03      127      73  2.21 3113.70  3108  10 9.1E-003  13.4   0.0
   76  0  2103.71      239     120  3.63 3544.17  3537  15 1.7E-002  10.2   0.0
   77  0  2204.77      255      99  1.76 3714.31  3707  13 1.8E-002   8.9   0.0
   78  0  2614.96     1839      32  2.77 4404.92  4397  16 1.3E-001   2.4   0.0
   79  0  2932.32      264      18  1.76 4939.22  4933  14 1.9E-002   6.7   0.0

M = First peak in a multiplet region
m = Other peak in a multiplet region
F = Fitted singlet

Errors quoted at  1.000 sigma
