*************************************************************************
*****        G A M M A   S P E C T R U M    A N A L Y S I S         *****
*************************************************************************


Filename: E:\Diplomka\7Au104p5.CNF                                     

Report Generated On             : 15.4.2016   9:15:15   

Sample Title                    : 3Au103p5                               
Sample Description              : p(35)-Be,  Ip=var               
Sample Identification           : 3Au103p5        
Sample Type                     :                 
Sample Geometry                 : p5              

Peak Locate Threshold           :  3.00
Peak Locate Range (in channels) :     1 - 16384
Peak Area Range (in channels)   :     1 - 16384
Identification Energy Tolerance :    1.000 keV

Sample Size                     :  1.673E-001 gram    

Sample Taken On                 : 23.9.2015  19:00:00   
Acquisition Started             : 31.1.2016  22:20:19   

Live Time                       :    11271.5 seconds
Real Time                       :    11353.1 seconds

Dead Time                       :   0.72 %


              Energy Calibration Used Done On       : 30.5.2015 
              Efficiency Calibration Used Done On   : 22.5.2014 
              Efficiency ID                         : CAN p5 + Al            

Peak Analysis Report                    15.4.2016   9:15:16             Page **


*******************************************************************************
*****  S T A N D A R D   V M S   P E A K   A N A L Y S I S   R E P O R T  *****
*******************************************************************************

        Configuration Title:                                         
        Spectrum Title:              3Au103p5                 
        Peak Analysis Performed on:  15.4.16   9:15:15   
        Peak Analysis From Channel:      1    To Channel:     8192
        Peak Search Sensitivity:      3.00    Gaussian Sensitivity: 10.00
        Max Iterations: 10  Fit Singlets: No  Critical Level Test: Yes
        Use Fixed FWHM: No  FWHM Reject:  No  FWHM Reject Ratio:  0.00 
        Peak Fit Engine Name: PANOLIN1        Continuum Type: STEP   

   Pk IT  Energy      Area   Bkgnd  FWHM Channel  Left  PW  Cts/Sec  %err   Fit

    1  0     3.45     1596    5548  0.88    8.17     5   6 1.4E-001   8.0   0.0
 M  2  6     8.58    10870   15529  1.21   16.79    14  12 9.6E-001   1.4  22.2
 m  3  6    10.27    17147   18601  1.22   19.64    14  12 1.5E+000   1.1  22.2
 m  4  6    12.24     2937   19101  1.23   22.96    14  12 2.6E-001   4.0  22.2
 M  5 32    52.83     1313   37056  2.98   91.30    91  11 1.2E-001  13.4   7.0
 m  6 32    55.61     5177   54889  2.98   95.98    91  11 4.6E-001  10.2   7.0
 M  7  5    65.06   209385   35472  1.09  111.89   108  33 1.9E+001   0.2 188.4
 m  8  5    66.79   324929   31878  1.09  114.79   108  33 2.9E+001   0.2 188.4
 m  9  5    68.76    38153   29371  1.09  118.12   108  33 3.4E+000   0.7 188.4
 m 10  5    70.79     6849   33579  1.10  121.53   108  33 6.1E-001   2.0 188.4
 m 11  5    72.80     5868   28459  1.10  124.92   108  33 5.2E-001   2.2 188.4
 m 12  5    75.56    99412   31830  1.10  129.56   108  33 8.8E+000   0.3 188.4
 m 13  5    77.84    46967   30247  1.11  133.41   108  33 4.2E+000   0.6 188.4
 m 14  5    80.13     4116   29602  1.11  137.25   108  33 3.7E-001   3.4 188.4
 M 15  6    84.84     4712   24624  1.02  145.18   142  11 4.2E-001   3.1   9.0
 m 16  6    87.36     2100   26591  1.03  149.43   142  11 1.9E-001   5.8   9.0
   17  0    98.93     6188   29311  1.00  168.91   165   8 5.5E-001   4.1   0.0
   18  0   133.92      900   31616  1.02  227.82   224   8 8.0E-002  28.2   0.0
 M 19  5   238.59     1791   14308  1.14  404.05   400  14 1.6E-001   6.3   0.9
 m 20  5   241.80      798   16156  1.14  409.44   400  14 7.1E-002  12.0   0.9
 M 21  6   293.48      418    6529  1.23  496.45   493  11 3.7E-002  15.1   0.7
 m 22  6   295.22     1524    6333  1.24  499.38   493  11 1.4E-001   5.3   0.7
 M 23  4   328.48     1693    4623  1.23  555.38   551  17 1.5E-001   3.9   4.6
 m 24  4   333.06    98371    5009  1.24  563.10   551  17 8.7E+000   0.3   4.6
 M 25  4   351.99     2750    4253  1.25  594.96   591  15 2.4E-001   2.6   6.0
 m 26  4   355.78   360320    3488  1.25  601.34   591  15 3.2E+001   0.2   6.0
 M 27  7   364.98      702    4328  1.86  616.84   612  14 6.2E-002  10.5   0.7
 m 28  7   367.20      194    4549  1.87  620.58   612  14 1.7E-002  29.1   0.7
 M 29  6   398.22      952    2466  1.51  672.80   670  11 8.4E-002   6.1   2.6
 m 30  6   400.00     1917    3142  1.51  675.79   670  11 1.7E-001   3.7   2.6
 M 31  4   409.04      814    2774  1.29  691.02   686  15 7.2E-002   5.9   8.6
 m 32  4   411.90   234348    2728  1.30  695.83   686  15 2.1E+001   0.2   8.6
 M 33  4   420.90     3600    2833  1.26  710.98   706  19 3.2E-001   2.1  24.0
 m 34  4   422.60     5796    2973  1.26  713.85   706  19 5.1E-001   1.6  24.0
 m 35  4   426.07    23198    3036  1.26  719.68   706  19 2.1E+000   0.7  24.0
   36  0   462.98      206    1685  1.04  781.83   779   8 1.8E-002  29.2   0.0
   37  0   510.99     1401    2070  2.30  862.66   857  11 1.2E-001   5.7   0.0
   38  0   583.36     1259    1396  1.59  984.49   979  11 1.1E-001   5.4   0.0
Peak Analysis Report                    15.4.2016   9:15:16             Page **


   Pk IT  Energy      Area   Bkgnd  FWHM Channel  Left  PW  Cts/Sec  %err   Fit

   39  0   609.50     2593    1308  1.59 1028.50  1023  11 2.3E-001   2.9   0.0
   40  0   676.11     1350    1028  1.53 1140.66  1135  11 1.2E-001   4.6   0.0
   41  0   688.90     2308    1082  1.55 1162.18  1157  11 2.0E-001   3.0   0.0
   42  0   727.38      276    1066  1.46 1226.96  1221  12 2.4E-002  19.7   0.0
   43  0   758.98       84     801  1.46 1280.18  1275   9 7.4E-003  50.7   0.0
   44  0   768.70      179     983  1.37 1296.54  1291  11 1.6E-002  28.1   0.0
   45  0   795.19      244     855  1.26 1341.13  1335  12 2.2E-002  20.1   0.0
   46  0   861.04      103     808  1.02 1452.00  1447  11 9.2E-003  43.6   0.0
   47  0   911.64      971     680  1.62 1537.19  1532  11 8.6E-002   5.2   0.0
   48  0   934.66      178     652  2.22 1575.95  1570  11 1.6E-002  23.6   0.0
 M 49  5   965.47      195     527  1.64 1627.82  1622  19 1.7E-002  11.7   0.8
 m 50  5   969.45      621     524  1.64 1634.51  1622  19 5.5E-002   5.2   0.8
 M 51  4  1088.36      218     502  1.77 1834.71  1829  18 1.9E-002  10.7   1.0
 m 52  4  1091.90      332     485  1.78 1840.68  1829  18 2.9E-002   7.9   1.0
   53  0  1120.81      821     661  1.81 1889.34  1883  13 7.3E-002   6.2   0.0
   54  0  1238.71      342     471  1.55 2087.84  2084  10 3.0E-002  11.0   0.0
   55  0  1378.11      253     229  1.82 2322.55  2316  13 2.2E-002  11.6   0.0
   56  0  1408.73      104     271  1.38 2374.10  2368  12 9.3E-003  26.8   0.0
   57  0  1461.54     7667     201  2.01 2463.01  2456  14 6.8E-001   1.2   0.0
   58  0  1469.88       39     147  1.21 2477.06  2472  10 3.5E-003  49.6   0.0
 M 59  5  1589.00      102     140  1.91 2677.60  2665  26 9.1E-003  13.5   1.5
 m 60  5  1593.10      109     132  1.91 2684.49  2665  26 9.7E-003  12.8   1.5
   61  0  1662.24       34      92  2.25 2800.90  2796  11 3.0E-003  46.5   0.0
   62  0  1730.40      146      91  2.28 2915.65  2909  14 1.3E-002  13.7   0.0
   63  0  1765.19      795      96  2.02 2974.23  2967  14 7.1E-002   4.1   0.0
   64  0  1848.26      108      88  1.85 3114.09  3107  14 9.6E-003  17.4   0.0
   65  0  2104.02      154      89  1.65 3544.69  3537  14 1.4E-002  13.0   0.0
   66  0  2119.22       41      67  2.26 3570.28  3565  11 3.7E-003  34.4   0.0
   67  0  2204.96      253      83  2.35 3714.64  3707  15 2.2E-002   8.7   0.0
   68  0  2448.13       60      47  0.90 4124.04  4119  13 5.3E-003  22.5   0.0
   69  0  2615.34     1387      26  2.53 4405.55  4398  15 1.2E-001   2.8   0.0
 M 70  5  2929.79      231       4  1.72 4934.96  4930  15 2.0E-002   6.7   1.6
 m 71  5  2932.44       31       4  1.72 4939.42  4930  15 2.7E-003  21.2   1.6

M = First peak in a multiplet region
m = Other peak in a multiplet region
F = Fitted singlet

Errors quoted at  1.000 sigma
