*************************************************************************
*****        G A M M A   S P E C T R U M    A N A L Y S I S         *****
*************************************************************************


Filename: E:\Diplomka\8Tm70p5.CNF                                      

Report Generated On             : 15.4.2016   9:15:30   

Sample Title                    : 3Au103p5                               
Sample Description              : p(35)-Be,  Ip=var               
Sample Identification           : 3Au103p5        
Sample Type                     :                 
Sample Geometry                 : p5              

Peak Locate Threshold           :  3.00
Peak Locate Range (in channels) :     1 - 16384
Peak Area Range (in channels)   :     1 - 16384
Identification Energy Tolerance :    1.000 keV

Sample Size                     :  1.673E-001 gram    

Sample Taken On                 : 23.9.2015  19:00:00   
Acquisition Started             : 1.2.2016   21:31:34   

Live Time                       :    39972.5 seconds
Real Time                       :    40213.6 seconds

Dead Time                       :   0.60 %


              Energy Calibration Used Done On       : 30.5.2015 
              Efficiency Calibration Used Done On   : 22.5.2014 
              Efficiency ID                         : CAN p5 + Al            

Peak Analysis Report                    15.4.2016   9:15:32             Page **


*******************************************************************************
*****  S T A N D A R D   V M S   P E A K   A N A L Y S I S   R E P O R T  *****
*******************************************************************************

        Configuration Title:                                         
        Spectrum Title:              3Au103p5                 
        Peak Analysis Performed on:  15.4.16   9:15:31   
        Peak Analysis From Channel:      1    To Channel:     8192
        Peak Search Sensitivity:      3.00    Gaussian Sensitivity: 10.00
        Max Iterations: 10  Fit Singlets: No  Critical Level Test: Yes
        Use Fixed FWHM: No  FWHM Reject:  No  FWHM Reject Ratio:  0.00 
        Peak Fit Engine Name: PANOLIN1        Continuum Type: STEP   

   Pk IT  Energy      Area   Bkgnd  FWHM Channel  Left  PW  Cts/Sec  %err   Fit

 M  1 19     3.99    15629    5014  1.45    9.07     5  17 3.9E-001   1.1 104.2
 m  2 19     5.70    19834   13555  1.46   11.95     5  17 5.0E-001   1.7 104.2
 m  3 19     7.02    38125   20811  1.47   14.16     5  17 9.5E-001   1.0 104.2
 m  4 19     9.28     9820   34850  1.49   17.97     5  17 2.5E-001   1.9 104.2
    5  0    21.59     1217   37847  1.06   38.70    35   7 3.0E-002  22.2   0.0
 M  6 23    37.65     1085   27138  0.43   65.73    61  10 2.7E-002  11.0 266.5
 m  7 23    38.70     3475   33441  0.43   67.51    61  10 8.7E-002  10.8 266.5
 M  8 32    48.66  2526990  152705  1.57   84.27    77  14 6.3E+001   0.1 6215.
 m  9 32    50.76    27988  135674  1.57   87.81    77  14 7.0E-001   1.9 6215.
 M 10  8    55.52   524230  100720  1.03   95.82    92  13 1.3E+001   0.2 2050.
 m 11  8    57.05   317454   81241  1.03   98.41    92  13 7.9E+000   0.2 2050.
 m 12  8    58.88     7168   57454  1.04  101.49    92  13 1.8E-001   2.6 2050.
 M 13 11    72.74    22262   55015  0.98  124.81   121  20 5.6E-001   1.0 113.8
 m 14 11    74.91    41273   58982  0.99  128.46   121  20 1.0E+000   0.7 113.8
 m 15 11    76.97     2462   63662  0.99  131.95   121  20 6.2E-002   7.6 113.8
 m 16 11    79.80    23128   68387  1.00  136.69   121  20 5.8E-001   1.1 113.8
 M 17 10    84.74     5523   76760  0.98  145.02   141  12 1.4E-001   8.0 372.2
 m 18 10    87.40     2135   56366  0.99  149.50   141  12 5.3E-002   8.1 372.2
   19  0    99.32    13932   71344  1.29  169.56   166   8 3.5E-001   2.9   0.0
   20  0   105.92     4335   70314  1.81  180.67   177   8 1.1E-001   8.8   0.0
 M 21  8   184.31    43713   36018  1.11  312.66   308  12 1.1E+000   0.6   0.7
 m 22  8   185.87     1508   35029  1.11  315.28   308  12 3.8E-002   9.8   0.7
   23  0   198.34   100338   95921  1.13  336.28   332  15 2.5E+000   0.6   0.0
   24  0   207.89   993423   36633  1.21  352.35   348   9 2.5E+001   0.1   0.0
 M 25  5   238.63     6027   19308  1.08  404.10   400  14 1.5E-001   2.4   5.3
 m 26  5   241.90     1958   21828  1.09  409.62   400  14 4.9E-002   5.8   5.3
   27  0   247.14     2361   26946  1.55  418.44   414   9 5.9E-002  10.4   0.0
   28  0   253.90      706   24395  1.49  429.82   425   9 1.8E-002  32.5   0.0
   29  0   277.95      909   29686  1.79  470.32   462  13 2.3E-002  30.9   0.0
   30  0   295.28     4829   17925  1.33  499.48   495   9 1.2E-001   4.3   0.0
   31  0   327.99      318   14627  1.40  554.56   550   9 7.9E-003  55.9   0.0
   32  0   338.40     1595   12315  1.07  572.08   569   8 4.0E-002  10.2   0.0
 M 33  6   346.71      522   10217  1.28  586.08   583  17 1.3E-002  15.2   0.4
 m 34  6   348.59      701   10125  1.28  589.23   583  17 1.8E-002  11.3   0.4
 m 35  6   351.99     9320   11289  1.28  594.96   583  17 2.3E-001   1.4   0.4
   36  0   382.61      692   10548  1.62  646.52   642   9 1.7E-002  22.0   0.0
   37  0   409.40      480   10892  1.81  691.62   687  10 1.2E-002  33.0   0.0
   38  0   447.65    28012    9471  1.36  756.01   751  10 7.0E-001   0.8   0.0
Peak Analysis Report                    15.4.2016   9:15:32             Page **


   Pk IT  Energy      Area   Bkgnd  FWHM Channel  Left  PW  Cts/Sec  %err   Fit

   39  0   462.98      512    8988  1.41  781.82   777  10 1.3E-002  28.2   0.0
   40  0   511.05     4841    8268  2.44  862.75   858  10 1.2E-001   3.2   0.0
   41  0   531.70    19139    8717  1.48  897.52   892  11 4.8E-001   1.0   0.0
   42  0   546.97     3103    8201  1.66  923.23   918  11 7.8E-002   4.9   0.0
 M 43  8   580.50      472    5627  1.44  979.69   975  15 1.2E-002  12.5   2.1
 m 44  8   583.34     4505    6272  1.44  984.47   975  15 1.1E-001   2.1   2.1
   45  0   609.50    10176    7312  1.56 1028.51  1023  11 2.5E-001   1.6   0.0
   46  0   631.89     8149    6240  1.52 1066.21  1061  11 2.0E-001   1.9   0.0
   47  0   645.93     1836    5669  1.49 1089.85  1084  11 4.6E-002   6.7   0.0
   48  0   665.45      267    3718  1.22 1122.70  1120   8 6.7E-003  33.0   0.0
   49  0   680.71      333    3896  1.55 1148.41  1145   9 8.3E-003  27.9   0.0
   50  0   720.62    10582    4159  1.61 1215.60  1210  11 2.6E-001   1.4   0.0
 M 51  4   727.56      921    3711  1.48 1227.27  1222  17 2.3E-002   5.9   4.0
 m 52  4   730.91     4066    2970  1.48 1232.91  1222  17 1.0E-001   2.0   4.0
   53  0   741.64    10865    4117  1.58 1250.98  1245  12 2.7E-001   1.3   0.0
   54  0   748.59      326    3059  1.69 1262.68  1259   9 8.2E-003  25.4   0.0
   55  0   768.77     1076    3739  1.82 1296.66  1291  11 2.7E-002   9.3   0.0
   56  0   795.24      536    3182  1.76 1341.22  1337  10 1.3E-002  16.4   0.0
   57  0   806.64      190    2640  2.04 1360.42  1357   9 4.8E-003  40.2   0.0
   58  0   816.39    32291    9508  1.58 1376.82  1371  11 8.1E-001   0.7   0.0
   59  0   821.56      916   11248  1.30 1385.53  1382   9 2.3E-002  21.7   0.0
   60  0   830.32     5284    3585  1.63 1400.28  1394  12 1.3E-001   2.3   0.0
 M 61  5   860.97      716    2670  1.79 1451.89  1446  19 1.8E-002   6.8   1.2
 m 62  5   865.24     1045    2762  1.79 1459.07  1446  19 2.6E-002   5.3   1.2
   63  0   871.22      208    2883  2.16 1469.15  1465  10 5.2E-003  39.5   0.0
   64  0   895.95      208    2207  1.53 1510.77  1505   9 5.2E-003  33.7   0.0
 M 65  4   911.66     3664    2192  1.59 1537.23  1531  19 9.2E-002   2.0   1.8
 m 66  4   915.41     2280    2130  1.59 1543.53  1531  19 5.7E-002   2.7   1.8
   67  0   934.63      623    2495  1.76 1575.91  1571  11 1.6E-002  13.0   0.0
 M 68  4   965.18      855    1921  1.68 1627.33  1622  19 2.1E-002   5.3   0.4
 m 69  4   969.48     2445    1884  1.68 1634.58  1622  19 6.1E-002   2.6   0.4
   70  0  1014.82     1430    2357  1.73 1710.90  1705  12 3.6E-002   6.0   0.0
   71  0  1079.30      181    1688  1.27 1819.46  1817   9 4.5E-003  34.1   0.0
   72  0  1120.84     3015    2465  1.94 1889.40  1883  13 7.5E-002   3.2   0.0
   73  0  1155.92      429    2397  1.59 1948.46  1942  13 1.1E-002  19.2   0.0
   74  0  1174.06      263    2346  1.83 1979.01  1973  12 6.6E-003  29.8   0.0
   75  0  1238.65     1189    2095  1.79 2087.75  2083  11 3.0E-002   6.6   0.0
   76  0  1278.02      760    1946  1.77 2154.04  2148  12 1.9E-002   9.9   0.0
   77  0  1333.14      304    1055  1.98 2246.84  2243  10 7.6E-003  17.1   0.0
   78  0  1378.41      762     901  1.94 2323.04  2316  12 1.9E-002   7.2   0.0
   79  0  1402.21      321     760  2.59 2363.12  2356  11 8.0E-003  14.4   0.0
   80  0  1408.76      405    1038  2.05 2374.15  2368  13 1.0E-002  13.9   0.0
 M 81 10  1459.92      800     712  1.96 2460.27  2453  17 2.0E-002  31.3   0.7
 m 82 10  1461.57    28042     608  1.96 2463.06  2453  17 7.0E-001   1.1   0.7
   83  0  1496.66      114     979  1.53 2522.14  2516  22 2.8E-003  54.3   0.0
   84  0  1509.88      363     526  1.99 2544.39  2539  12 9.1E-003  11.3   0.0
 M 85  7  1583.41      137     409  2.20 2668.19  2662  29 3.4E-003  14.1   1.8
 m 86  7  1588.84      530     416  2.20 2677.33  2662  29 1.3E-002   5.5   1.8
 m 87  7  1593.02      322     424  2.20 2684.37  2662  29 8.1E-003   7.7   1.8
   88  0  1600.06       65     359  1.39 2696.21  2693  10 1.6E-003  45.6   0.0
   89  0  1621.36      169     510  1.24 2732.08  2725  13 4.2E-003  23.1   0.0
Peak Analysis Report                    15.4.2016   9:15:32             Page **


   Pk IT  Energy      Area   Bkgnd  FWHM Channel  Left  PW  Cts/Sec  %err   Fit

   90  0  1631.45      186     306  2.24 2749.08  2745   9 4.7E-003  15.6   0.0
   91  0  1662.12      137     314  1.82 2800.70  2797  10 3.4E-003  21.3   0.0
   92  0  1730.30      500     337  1.85 2915.50  2909  12 1.2E-002   7.3   0.0
   93  0  1765.27     2602     353  2.13 2974.37  2968  13 6.5E-002   2.3   0.0
   94  0  1848.26      326     288  2.08 3114.09  3108  13 8.1E-003  10.1   0.0
   95  0  2104.26      689     280  3.76 3545.10  3538  15 1.7E-002   5.6   0.0
   96  0  2119.38      153     276  2.55 3570.55  3565  13 3.8E-003  19.5   0.0
   97  0  2204.93      847     276  2.46 3714.59  3707  14 2.1E-002   4.7   0.0
   98  0  2448.59      177     192  2.37 4124.81  4120  12 4.4E-003  14.5   0.0
 M 99  7  2612.51      167      39  2.58 4400.78  4392  22 4.2E-003  23.7   1.2
 m100  7  2615.39     5350      33  2.58 4405.63  4392  22 1.3E-001   1.5   1.2
 M101  9  2930.56      790      24  2.05 4936.26  4930  18 2.0E-002   3.8   1.6
 m102  9  2933.27       93      35  2.05 4940.83  4930  18 2.3E-003  15.1   1.6

M = First peak in a multiplet region
m = Other peak in a multiplet region
F = Fitted singlet

Errors quoted at  1.000 sigma
