*************************************************************************
*****        G A M M A   S P E C T R U M    A N A L Y S I S         *****
*************************************************************************


Filename: E:\Diplomka\9Au104p5.CNF                                     

Report Generated On             : 15.4.2016   9:15:48   

Sample Title                    : 3Au103p5                               
Sample Description              : p(35)-Be,  Ip=var               
Sample Identification           : 3Au103p5        
Sample Type                     :                 
Sample Geometry                 : p5              

Peak Locate Threshold           :  3.00
Peak Locate Range (in channels) :     1 - 16384
Peak Area Range (in channels)   :     1 - 16384
Identification Energy Tolerance :    1.000 keV

Sample Size                     :  1.673E-001 gram    

Sample Taken On                 : 23.9.2015  19:00:00   
Acquisition Started             : 8.2.2016   14:00:11   

Live Time                       :    71557.5 seconds
Real Time                       :    71919.5 seconds

Dead Time                       :   0.50 %


              Energy Calibration Used Done On       : 30.5.2015 
              Efficiency Calibration Used Done On   : 22.5.2014 
              Efficiency ID                         : CAN p5 + Al            

Peak Analysis Report                    15.4.2016   9:15:49             Page **


*******************************************************************************
*****  S T A N D A R D   V M S   P E A K   A N A L Y S I S   R E P O R T  *****
*******************************************************************************

        Configuration Title:                                         
        Spectrum Title:              3Au103p5                 
        Peak Analysis Performed on:  15.4.16   9:15:49   
        Peak Analysis From Channel:      1    To Channel:     8192
        Peak Search Sensitivity:      3.00    Gaussian Sensitivity: 10.00
        Max Iterations: 10  Fit Singlets: No  Critical Level Test: Yes
        Use Fixed FWHM: No  FWHM Reject:  No  FWHM Reject Ratio:  0.00 
        Peak Fit Engine Name: PANOLIN1        Continuum Type: STEP   

   Pk IT  Energy      Area   Bkgnd  FWHM Channel  Left  PW  Cts/Sec  %err   Fit

    1  0     3.45     6263   19137  0.98    8.15     5   6 8.8E-002   3.7   0.0
 M  2  5     8.55    27614   56562  1.20   16.74    13  13 3.9E-001   0.9  40.0
 m  3  5    10.14    53450   56847  1.21   19.42    13  13 7.5E-001   0.6  40.0
 m  4  5    12.18     8012   57105  1.21   22.86    13  13 1.1E-001   2.5  40.0
    5  0    30.68      771   59487  0.80   54.00    50   8 1.1E-002  45.1   0.0
 M  6 32    53.45     5863  112948  2.56   92.33    91  11 8.2E-002   7.3  22.3
 m  7 32    55.85    12377  167950  2.56   96.38    91  11 1.7E-001   6.3  22.3
 M  8 32    63.08     4902  133509  1.03  108.55   102  21 6.9E-002   4.5 406.4
 m  9 32    64.35    12518  118343  1.03  110.69   102  21 1.7E-001   3.8 406.4
 m 10 32    65.07   576905  121247  1.03  111.91   102  21 8.1E+000   0.1 406.4
 m 11 32    66.78  1022715  134610  1.04  114.78   102  21 1.4E+001   0.1 406.4
 m 12 32    68.71    41506  143720  1.04  118.02   102  21 5.8E-001   0.7 406.4
 M 13  3    75.54   375233  167616  1.20  129.53   122  19 5.2E+000   0.2 976.6
 m 14  3    77.85   115591  132773  1.20  133.42   122  19 1.6E+000   0.4 976.6
 M 15  5    84.77    23330  105050  1.17  145.07   142  11 3.3E-001   1.3   6.4
 m 16  5    87.32    10090  103493  1.18  149.36   142  11 1.4E-001   2.6   6.4
   17  0    92.73      930  102618  1.30  158.47   155   7 1.3E-002  47.5   0.0
   18  0    98.88    35499  117775  1.08  168.83   165   8 5.0E-001   1.5   0.0
   19  0   129.68      931  106563  1.01  220.69   217   7 1.3E-002  48.4   0.0
   20  0   185.91     3881  121160  1.41  315.36   311   9 5.4E-002  13.2   0.0
 M 21  5   238.60    11590   49099  1.20  404.06   400  14 1.6E-001   1.9   3.4
 m 22  5   241.83     3995   46912  1.20  409.49   400  14 5.6E-002   4.3   3.4
   23  0   277.41     1076   37951  1.37  469.40   465   9 1.5E-002  26.7   0.0
   24  0   295.25     8394   32276  1.32  499.44   495   9 1.2E-001   3.3   0.0
   25  0   333.02   252728   28587  1.26  563.02   558  10 3.5E+000   0.2   0.0
 M 26  4   351.93    15036   19044  1.25  594.87   591  15 2.1E-001   1.1   5.4
 m 27  4   355.72   929384   15488  1.25  601.24   591  15 1.3E+001   0.1   5.4
 M 28 13   364.73     1926   19683  2.02  616.41   612  13 2.7E-002   7.5   0.8
 m 29 13   367.34      552   19194  2.02  620.81   612  13 7.7E-003  20.9   0.8
 M 30  5   398.13     2482   11983  1.33  672.64   668  13 3.5E-002   4.1   2.0
 m 31  5   399.88     4256   11750  1.33  675.59   668  13 5.9E-002   2.8   2.0
 M 32 10   408.97     1811   13438  1.30  690.89   683  18 2.5E-002   5.2   4.3
 m 33 10   411.84   190737   13187  1.30  695.72   683  18 2.7E+000   0.2   4.3
 M 34  4   420.84     8820   13587  1.27  710.88   706  19 1.2E-001   1.5  43.4
 m 35  4   422.53    14674   12176  1.27  713.73   706  19 2.1E-001   1.1  43.4
 m 36  4   426.00    59300   13357  1.27  719.57   706  19 8.3E-001   0.4  43.4
   37  0   463.07     1150   12039  1.30  781.98   777  10 1.6E-002  14.7   0.0
 M 38  8   508.24      388    8475  1.46  858.02   853  18 5.4E-003  19.9   0.8
Peak Analysis Report                    15.4.2016   9:15:49             Page **


   Pk IT  Energy      Area   Bkgnd  FWHM Channel  Left  PW  Cts/Sec  %err   Fit

 m 39  8   510.91     8198   11382  2.16  862.52   853  18 1.1E-001   2.3   0.8
 m 40  8   512.95      562    8118  1.46  865.96   853  18 7.8E-003  21.6   0.8
   41  0   583.30     7600    8694  1.47  984.40   979  11 1.1E-001   2.2   0.0
   42  0   609.41    16151    7779  1.52 1028.35  1023  11 2.3E-001   1.2   0.0
   43  0   665.70      527    6915  1.23 1123.13  1118  11 7.4E-003  24.8   0.0
   44  0   675.88     1001    6135  1.62 1140.26  1136  10 1.4E-002  12.2   0.0
   45  0   688.79     6205    7162  1.51 1162.00  1156  12 8.7E-002   2.5   0.0
   46  0   727.40     1934    5993  1.39 1227.01  1222  11 2.7E-002   6.6   0.0
 M 47  9   755.26      404    4681  1.62 1273.91  1268  15 5.6E-003  14.6   0.6
 m 48  9   758.20      262    4642  1.62 1278.86  1268  15 3.7E-003  20.9   0.6
 M 49  5   768.53     1449    4371  1.44 1296.24  1292  17 2.0E-002   4.8   1.0
 m 50  5   772.57      372    4048  1.45 1303.05  1292  17 5.2E-003  13.8   1.0
   51  0   786.06      706    5202  1.77 1325.77  1320  11 9.9E-003  16.2   0.0
   52  0   795.07     1091    4211  1.66 1340.94  1338   9 1.5E-002   9.2   0.0
 M 53  7   835.63      464    4196  1.56 1409.22  1404  18 6.5E-003  12.5   2.6
 m 54  7   839.94      276    4069  1.56 1416.48  1404  18 3.9E-003  18.6   2.6
   55  0   860.89     1049    5083  1.55 1451.74  1446  12 1.5E-002  11.2   0.0
   56  0   911.52     6692    4704  1.75 1537.00  1531  12 9.4E-002   2.0   0.0
   57  0   934.35      844    4123  1.64 1575.43  1570  11 1.2E-002  12.2   0.0
 M 58  4   965.11     1222    3299  1.65 1627.21  1621  19 1.7E-002   4.6   0.7
 m 59  4   969.32     4037    3198  1.65 1634.31  1621  19 5.6E-002   2.0   0.7
   60  0  1064.05      273    3503  1.57 1793.79  1788  11 3.8E-003  34.1   0.0
   61  0  1091.71      850    4529  1.71 1840.35  1834  14 1.2E-002  13.6   0.0
   62  0  1120.63     4831    3222  1.77 1889.04  1885  10 6.8E-002   2.3   0.0
   63  0  1155.45      517    4124  1.95 1947.68  1941  13 7.2E-003  20.6   0.0
   64  0  1173.60      607    3227  1.40 1978.23  1972  10 8.5E-003  14.7   0.0
   65  0  1238.53     1861    4165  1.70 2087.54  2081  13 2.6E-002   6.1   0.0
   66  0  1281.44      369    2055  1.73 2159.80  2155   9 5.2E-003  18.7   0.0
   67  0  1332.76      573    2220  1.60 2246.18  2240  13 8.0E-003  14.0   0.0
   68  0  1378.14     1296    1746  1.86 2322.60  2316  13 1.8E-002   5.9   0.0
   69  0  1385.79      162    1340  1.40 2335.47  2330  10 2.3E-003  34.9   0.0
   70  0  1401.92      178    1941  2.11 2362.64  2356  13 2.5E-003  41.1   0.0
   71  0  1408.43      544    1699  1.84 2373.59  2368  12 7.6E-003  12.7   0.0
 M 72 15  1459.80     1814    1140  1.94 2460.07  2453  16 2.5E-002  25.3   0.8
 m 73 15  1461.29    47203    1107  1.94 2462.59  2453  16 6.6E-001   1.1   0.8
 M 74  7  1496.26      172     827  1.85 2521.47  2515  20 2.4E-003  15.9   0.7
 m 75  7  1501.53       91     746  1.85 2530.33  2515  20 1.3E-003  26.1   0.7
   76  0  1509.61      704    1037  2.01 2543.94  2537  14 9.8E-003   8.5   0.0
 M 77  5  1588.61      690     720  1.96 2676.94  2673  18 9.6E-003   5.2   2.7
 m 78  5  1592.90      559     775  1.96 2684.16  2673  18 7.8E-003   5.9   2.7
   79  0  1621.10      363     687  2.22 2731.65  2725  12 5.1E-003  12.6   0.0
   80  0  1630.95      374     585  1.55 2748.22  2744  11 5.2E-003  11.3   0.0
   81  0  1661.78      228     509  2.17 2800.13  2795  10 3.2E-003  16.3   0.0
   82  0  1729.92      872     613  2.14 2914.84  2908  14 1.2E-002   5.8   0.0
   83  0  1764.90     4732     616  2.19 2973.74  2967  14 6.6E-002   1.7   0.0
   84  0  1847.90      610     521  2.32 3113.48  3108  13 8.5E-003   7.3   0.0
   85  0  2103.80     1136     532  3.31 3544.32  3537  15 1.6E-002   4.5   0.0
   86  0  2118.82      324     408  2.04 3569.61  3565  12 4.5E-003  11.3   0.0
 M 87 10  2203.01      248     332  2.10 3711.34  3704  17 3.5E-003  40.1   0.8
 m 88 10  2204.63     1234     355  2.10 3714.07  3704  17 1.7E-002   9.0   0.8
   89  0  2293.86       90     515  1.71 3864.31  3857  15 1.3E-003  44.4   0.0
Peak Analysis Report                    15.4.2016   9:15:49             Page **


   Pk IT  Energy      Area   Bkgnd  FWHM Channel  Left  PW  Cts/Sec  %err   Fit

   90  0  2448.16      512     302  2.81 4124.08  4116  16 7.2E-003   7.4   0.0
 M 91  9  2611.92      213      93  2.58 4399.78  4391  22 3.0E-003  19.9   0.8
 m 92  9  2614.92     9218      76  2.58 4404.84  4391  22 1.3E-001   1.1   0.8
 M 93 19  2932.40     1398      20  1.49 4939.36  4935  20 2.0E-002   3.0   3.3
 m 94 19  2934.24      267      30  1.49 4942.46  4935  20 3.7E-003   8.5   3.3
 m 95 19  2936.06       73      36  1.49 4945.52  4935  20 1.0E-003  17.4   3.3

M = First peak in a multiplet region
m = Other peak in a multiplet region
F = Fitted singlet

Errors quoted at  1.000 sigma
